<?xml version="1.0" encoding="UTF-8"?>
<!-- Generated by org.testng.reporters.JUnitReportReporter -->
<testsuite skipped="0" hostname="LAPTOP-MPIRELNE" name="runnerFiles.RunTestNGTest" tests="1" failures="0" timestamp="2020-04-20T17:56:27 BRT" time="26.156" errors="0">
  <testcase name="runScenario" time="26.156" classname="runnerFiles.RunTestNGTest"/>
  <system-out/>
</testsuite> <!-- runnerFiles.RunTestNGTest -->
